# JRE version: OpenJDK Runtime Environment (17.0.6) (build 17.0.6+0-b2043.56-10027231)
# Java VM: OpenJDK 64-Bit Server VM (17.0.6+0-b2043.56-10027231, mixed mode, tiered, compressed oops, compressed class ptrs, g1 gc, windows-amd64)
GC Precious Log:
 CPUs: 4 total, 4 available
 Memory: 8072M
 Large Page Support: Disabled
 NUMA Support: Disabled
 Compressed Oops: Enabled (Zero based)
 Heap Region Size: 2M
 Heap Min Capacity: 8M
 Heap Initial Capacity: 128M
 Heap Max Capacity: 4G
 Pre-touch: Disabled
 Parallel Workers: 4
 Concurrent Workers: 1
 Concurrent Refinement Workers: 4
 Periodic GC: Disabled
Heap:
 garbage-first heap   total 116736K, used 87847K [0x0000000700000000, 0x0000000800000000)
  region size 2048K, 13 young (26624K), 1 survivors (2048K)
 Metaspace       used 84231K, committed 84864K, reserved 1130496K
  class space    used 11360K, committed 11648K, reserved 1048576K
GC Heap History (20 events):
Event: 13.953 GC heap before
{Heap before GC invocations=14 (full 0):
 garbage-first heap   total 106496K, used 76499K [0x0000000700000000, 0x0000000800000000)
  region size 2048K, 25 young (51200K), 3 survivors (6144K)
 Metaspace       used 52322K, committed 52800K, reserved 1097728K
  class space    used 7033K, committed 7232K, reserved 1048576K
}
Event: 13.960 GC heap after
{Heap after GC invocations=15 (full 0):
 garbage-first heap   total 106496K, used 33757K [0x0000000700000000, 0x0000000800000000)
  region size 2048K, 3 young (6144K), 3 survivors (6144K)
 Metaspace       used 52322K, committed 52800K, reserved 1097728K
  class space    used 7033K, committed 7232K, reserved 1048576K
}
Event: 15.021 GC heap before
{Heap before GC invocations=15 (full 0):
 garbage-first heap   total 106496K, used 78813K [0x0000000700000000, 0x0000000800000000)
  region size 2048K, 25 young (51200K), 3 survivors (6144K)
 Metaspace       used 57793K, committed 58304K, reserved 1105920K
  class space    used 7771K, committed 8000K, reserved 1048576K
}
Event: 15.029 GC heap after
{Heap after GC invocations=16 (full 0):
 garbage-first heap   total 106496K, used 35987K [0x0000000700000000, 0x0000000800000000)
  region size 2048K, 3 young (6144K), 3 survivors (6144K)
 Metaspace       used 57793K, committed 58304K, reserved 1105920K
  class space    used 7771K, committed 8000K, reserved 1048576K
}
Event: 15.710 GC heap before
{Heap before GC invocations=16 (full 0):
 garbage-first heap   total 106496K, used 50323K [0x0000000700000000, 0x0000000800000000)
  region size 2048K, 11 young (22528K), 3 survivors (6144K)
 Metaspace       used 59682K, committed 60160K, reserved 1105920K
  class space    used 8065K, committed 8320K, reserved 1048576K
}
Event: 15.716 GC heap after
{Heap after GC invocations=17 (full 0):
 garbage-first heap   total 106496K, used 36377K [0x0000000700000000, 0x0000000800000000)
  region size 2048K, 3 young (6144K), 3 survivors (6144K)
 Metaspace       used 59682K, committed 60160K, reserved 1105920K
  class space    used 8065K, committed 8320K, reserved 1048576K
}
Event: 17.001 GC heap before
{Heap before GC invocations=18 (full 0):
 garbage-first heap   total 106496K, used 81433K [0x0000000700000000, 0x0000000800000000)
  region size 2048K, 25 young (51200K), 3 survivors (6144K)
 Metaspace       used 64353K, committed 64896K, reserved 1105920K
  class space    used 8877K, committed 9152K, reserved 1048576K
}
Event: 17.012 GC heap after
{Heap after GC invocations=19 (full 0):
 garbage-first heap   total 106496K, used 39362K [0x0000000700000000, 0x0000000800000000)
  region size 2048K, 3 young (6144K), 3 survivors (6144K)
 Metaspace       used 64353K, committed 64896K, reserved 1105920K
  class space    used 8877K, committed 9152K, reserved 1048576K
}
Event: 20.246 GC heap before
{Heap before GC invocations=20 (full 0):
 garbage-first heap   total 106496K, used 80322K [0x0000000700000000, 0x0000000800000000)
  region size 2048K, 24 young (49152K), 3 survivors (6144K)
 Metaspace       used 71972K, committed 72512K, reserved 1114112K
  class space    used 9821K, committed 10048K, reserved 1048576K
}
Event: 20.258 GC heap after
{Heap after GC invocations=21 (full 0):
 garbage-first heap   total 106496K, used 43434K [0x0000000700000000, 0x0000000800000000)
  region size 2048K, 3 young (6144K), 3 survivors (6144K)
 Metaspace       used 71972K, committed 72512K, reserved 1114112K
  class space    used 9821K, committed 10048K, reserved 1048576K
}
Event: 21.690 GC heap before
{Heap before GC invocations=21 (full 0):
 garbage-first heap   total 106496K, used 84394K [0x0000000700000000, 0x0000000800000000)
  region size 2048K, 21 young (43008K), 3 survivors (6144K)
 Metaspace       used 73581K, committed 74112K, reserved 1114112K
  class space    used 10014K, committed 10240K, reserved 1048576K
}
Event: 21.700 GC heap after
{Heap after GC invocations=22 (full 0):
 garbage-first heap   total 106496K, used 60283K [0x0000000700000000, 0x0000000800000000)
  region size 2048K, 3 young (6144K), 3 survivors (6144K)
 Metaspace       used 73581K, committed 74112K, reserved 1114112K
  class space    used 10014K, committed 10240K, reserved 1048576K
}
Event: 22.516 GC heap before
{Heap before GC invocations=22 (full 0):
 garbage-first heap   total 106496K, used 82811K [0x0000000700000000, 0x0000000800000000)
  region size 2048K, 14 young (28672K), 3 survivors (6144K)
 Metaspace       used 76391K, committed 76992K, reserved 1122304K
  class space    used 10385K, committed 10688K, reserved 1048576K
}
Event: 22.522 GC heap after
{Heap after GC invocations=23 (full 0):
 garbage-first heap   total 106496K, used 62023K [0x0000000700000000, 0x0000000800000000)
  region size 2048K, 1 young (2048K), 1 survivors (2048K)
 Metaspace       used 76391K, committed 76992K, reserved 1122304K
  class space    used 10385K, committed 10688K, reserved 1048576K
}
Event: 23.569 GC heap before
{Heap before GC invocations=24 (full 0):
 garbage-first heap   total 110592K, used 84551K [0x0000000700000000, 0x0000000800000000)
  region size 2048K, 12 young (24576K), 1 survivors (2048K)
 Metaspace       used 79672K, committed 80256K, reserved 1122304K
  class space    used 10767K, committed 11008K, reserved 1048576K
}
Event: 23.573 GC heap after
{Heap after GC invocations=25 (full 0):
 garbage-first heap   total 110592K, used 62705K [0x0000000700000000, 0x0000000800000000)
  region size 2048K, 1 young (2048K), 1 survivors (2048K)
 Metaspace       used 79672K, committed 80256K, reserved 1122304K
  class space    used 10767K, committed 11008K, reserved 1048576K
}
Event: 23.917 GC heap before
{Heap before GC invocations=25 (full 0):
 garbage-first heap   total 110592K, used 85233K [0x0000000700000000, 0x0000000800000000)
  region size 2048K, 13 young (26624K), 1 survivors (2048K)
 Metaspace       used 80467K, committed 81088K, reserved 1122304K
  class space    used 10897K, committed 11200K, reserved 1048576K
}
Event: 23.924 GC heap after
{Heap after GC invocations=26 (full 0):
 garbage-first heap   total 110592K, used 65493K [0x0000000700000000, 0x0000000800000000)
  region size 2048K, 2 young (4096K), 2 survivors (4096K)
 Metaspace       used 80467K, committed 81088K, reserved 1122304K
  class space    used 10897K, committed 11200K, reserved 1048576K
}
Event: 24.608 GC heap before
{Heap before GC invocations=27 (full 0):
 garbage-first heap   total 116736K, used 88021K [0x0000000700000000, 0x0000000800000000)
  region size 2048K, 13 young (26624K), 2 survivors (4096K)
 Metaspace       used 82437K, committed 83072K, reserved 1122304K
  class space    used 11133K, committed 11456K, reserved 1048576K
}
Event: 24.617 GC heap after
{Heap after GC invocations=28 (full 0):
 garbage-first heap   total 116736K, used 67367K [0x0000000700000000, 0x0000000800000000)
  region size 2048K, 1 young (2048K), 1 survivors (2048K)
 Metaspace       used 82437K, committed 83072K, reserved 1122304K
  class space    used 11133K, committed 11456K, reserved 1048576K
}

